<?xml version="1.0" encoding="UTF-8"?>
<testsuites name="Bookappointment" time="15.584" tests="1" failures="0" errors="0">
   <testsuite name="Bookappointment" tests="1" failures="0" errors="0" time="15.584" skipped="0" timestamp="24-01-2024T09:30:45" hostname="1722 - LAPTOP-OM51GH8M" id="Test Suites/Bookappointment">
      <properties>
         <property name="deviceName" value=""/>
         <property name="devicePlatform" value=""/>
         <property name="logFolder" value="D:\\AI Testing\\AI_Testing\\Reports\\20240124_093034\\Bookappointment\\20240124_093034"/>
         <property name="logFiles" value="D:\\AI Testing\\AI_Testing\\Reports\\20240124_093034\\Bookappointment\\20240124_093034\\execution0.log"/>
         <property name="attachments" value="keyes\keyes-cek.png"/>
         <property name="hostName" value="1722 - LAPTOP-OM51GH8M"/>
         <property name="os" value="Windows 11 64bit"/>
         <property name="katalonVersion" value="9.2.0.212"/>
         <property name="browser" value="Chrome 120.0.0.0"/>
         <property name="hostAddress" value="172.16.0.2"/>
         <property name="sessionId" value="cdf73cf1a8d7d988b26832089a85cf3d"/>
         <property name="seleniumVersion" value="3.141.59"/>
         <property name="proxyInformation" value="ProxyInformation { proxyOption=NO_PROXY, proxyServerType=HTTP, username=, password=********, proxyServerAddress=, proxyServerPort=0, executionList=&quot;&quot;, isApplyToDesiredCapabilities=true }"/>
         <property name="platform" value="Windows 11"/>
      </properties>
      <testcase name="Test Cases/CURA Health/Bookapointment" time="15.346" classname="Test Cases/CURA Health/Bookapointment" status="PASSED">
         <system-out><![CDATA[24-01-2024T09:30:45 - [TEST_CASE][PASSED] - Test Cases/CURA Health/Bookapointment: Test Cases/CURA Health/Bookapointment

24-01-2024T09:30:45 - [TEST_STEP][PASSED] - openBrowser(""): Browser is opened with url: ''

24-01-2024T09:30:46 - [MESSAGE][INFO] - Starting 'Chrome' driver

24-01-2024T09:30:46 - [MESSAGE][INFO] - Action delay is set to 0 milliseconds

24-01-2024T09:30:48 - [MESSAGE][PASSED] - Browser is opened with url: ''

24-01-2024T09:30:48 - [TEST_STEP][PASSED] - navigateToUrl("https://katalon-demo-cura.herokuapp.com/"): Navigate to 'https://katalon-demo-cura.herokuapp.com/' successfully

24-01-2024T09:30:54 - [MESSAGE][PASSED] - Navigate to 'https://katalon-demo-cura.herokuapp.com/' successfully

24-01-2024T09:30:54 - [TEST_STEP][PASSED] - click(findTestObject("Test Object/Page_CURA Healthcare Service/btnMakeAppointment")): Object: 'Object Repository/Test Object/Page_CURA Healthcare Service/btnMakeAppointment' is clicked on

24-01-2024T09:30:56 - [MESSAGE][PASSED] - Object: 'Object Repository/Test Object/Page_CURA Healthcare Service/btnMakeAppointment' is clicked on

24-01-2024T09:30:56 - [TEST_STEP][PASSED] - setText(findTestObject("Test Object/Page_CURA Healthcare Service/txtUsername"), "John Doe"): Text 'John Doe' is set on object 'Object Repository/Test Object/Page_CURA Healthcare Service/txtUsername'

24-01-2024T09:30:57 - [MESSAGE][PASSED] - Text 'John Doe' is set on object 'Object Repository/Test Object/Page_CURA Healthcare Service/txtUsername'

24-01-2024T09:30:57 - [TEST_STEP][PASSED] - setEncryptedText(findTestObject("Test Object/Page_CURA Healthcare Service/txtPassword"), "g3/DOGG74jC3Flrr3yH+3D/yKbOqqUNM"): Text ****** has been set on object 'Object Repository/Test Object/Page_CURA Healthcare Service/txtPassword'

24-01-2024T09:30:58 - [MESSAGE][PASSED] - Text ****** has been set on object 'Object Repository/Test Object/Page_CURA Healthcare Service/txtPassword'

24-01-2024T09:30:58 - [TEST_STEP][PASSED] - click(findTestObject("Test Object/Page_CURA Healthcare Service/btnLogin")): Object: 'Object Repository/Test Object/Page_CURA Healthcare Service/btnLogin' is clicked on

24-01-2024T09:30:59 - [MESSAGE][PASSED] - Object: 'Object Repository/Test Object/Page_CURA Healthcare Service/btnLogin' is clicked on

24-01-2024T09:30:59 - [TEST_STEP][PASSED] - takeScreenshotAsCheckpoint("cek"): Taking screenshot successfully

24-01-2024T09:31:00 - [MESSAGE][INFO] - 0 hidden object(s)

24-01-2024T09:31:00 - [MESSAGE][PASSED] - Taking screenshot successfully
[[ATTACHMENT|keyes\keyes-cek.png]]

24-01-2024T09:31:00 - [TEST_STEP][PASSED] - closeBrowser(): Browser is closed

24-01-2024T09:31:00 - [MESSAGE][PASSED] - Browser is closed]]></system-out>
         <system-err><![CDATA[]]></system-err>
      </testcase>
      <system-out><![CDATA[24-01-2024T09:30:45 - [TEST_SUITE][PASSED] - Bookappointment: Test Cases/CURA Health/Bookapointment]]></system-out>
      <system-err><![CDATA[]]></system-err>
   </testsuite>
</testsuites>
