<?xml version="1.0" encoding="UTF-8"?>
<testsuites name="Login" time="14.627" tests="1" failures="0" errors="0">
   <testsuite name="Login" tests="1" failures="0" errors="0" time="14.627" skipped="0" timestamp="24-01-2024T10:03:03" hostname="1722 - LAPTOP-OM51GH8M" id="Test Suites/CURA Health/Login">
      <properties>
         <property name="deviceName" value=""/>
         <property name="devicePlatform" value=""/>
         <property name="logFolder" value="D:\\AI Testing\\AI_Testing\\Reports\\20240124_100252\\CURA Health\\Login\\20240124_100252"/>
         <property name="logFiles" value="D:\\AI Testing\\AI_Testing\\Reports\\20240124_100252\\CURA Health\\Login\\20240124_100252\\execution0.log"/>
         <property name="attachments" value="keyes\keyes-Halaman Login.png"/>
         <property name="hostName" value="1722 - LAPTOP-OM51GH8M"/>
         <property name="os" value="Windows 11 64bit"/>
         <property name="katalonVersion" value="9.2.0.212"/>
         <property name="browser" value="Chrome 120.0.0.0"/>
         <property name="hostAddress" value="172.16.0.2"/>
         <property name="sessionId" value="1ed9fa78782e2a8d3dc65e774a436d08"/>
         <property name="seleniumVersion" value="3.141.59"/>
         <property name="proxyInformation" value="ProxyInformation { proxyOption=NO_PROXY, proxyServerType=HTTP, username=, password=********, proxyServerAddress=, proxyServerPort=0, executionList=&quot;&quot;, isApplyToDesiredCapabilities=true }"/>
         <property name="platform" value="Windows 11"/>
      </properties>
      <testcase name="Test Cases/CURA Health/Login" time="14.399" classname="Test Cases/CURA Health/Login" status="PASSED">
         <system-out><![CDATA[24-01-2024T10:03:03 - [TEST_CASE][PASSED] - Test Cases/CURA Health/Login: Test Cases/CURA Health/Login

24-01-2024T10:03:03 - [TEST_STEP][PASSED] - openBrowser(""): Browser is opened with url: ''

24-01-2024T10:03:04 - [MESSAGE][INFO] - Starting 'Chrome' driver

24-01-2024T10:03:04 - [MESSAGE][INFO] - Action delay is set to 0 milliseconds

24-01-2024T10:03:05 - [MESSAGE][PASSED] - Browser is opened with url: ''

24-01-2024T10:03:05 - [TEST_STEP][PASSED] - navigateToUrl("https://katalon-demo-cura.herokuapp.com/"): Navigate to 'https://katalon-demo-cura.herokuapp.com/' successfully

24-01-2024T10:03:10 - [MESSAGE][PASSED] - Navigate to 'https://katalon-demo-cura.herokuapp.com/' successfully

24-01-2024T10:03:10 - [TEST_STEP][PASSED] - click(findTestObject("Object Repository/CURA Health login/Page_CURA Healthcare Service/a_Make Appointment")): Object: 'Object Repository/CURA Health login/Page_CURA Healthcare Service/a_Make Appointment' is clicked on

24-01-2024T10:03:11 - [MESSAGE][PASSED] - Object: 'Object Repository/CURA Health login/Page_CURA Healthcare Service/a_Make Appointment' is clicked on

24-01-2024T10:03:11 - [TEST_STEP][PASSED] - setText(findTestObject("Object Repository/CURA Health login/Page_CURA Healthcare Service/input_username"), "John Doe"): Text 'John Doe' is set on object 'Object Repository/CURA Health login/Page_CURA Healthcare Service/input_username'

24-01-2024T10:03:12 - [MESSAGE][PASSED] - Text 'John Doe' is set on object 'Object Repository/CURA Health login/Page_CURA Healthcare Service/input_username'

24-01-2024T10:03:12 - [TEST_STEP][PASSED] - setEncryptedText(findTestObject("Object Repository/CURA Health login/Page_CURA Healthcare Service/input_password"), "g3/DOGG74jC3Flrr3yH+3D/yKbOqqUNM"): Text ****** has been set on object 'Object Repository/CURA Health login/Page_CURA Healthcare Service/input_password'

24-01-2024T10:03:12 - [MESSAGE][PASSED] - Text ****** has been set on object 'Object Repository/CURA Health login/Page_CURA Healthcare Service/input_password'

24-01-2024T10:03:12 - [TEST_STEP][PASSED] - delay(3): Delayed 3 second(s)

24-01-2024T10:03:15 - [MESSAGE][PASSED] - Delayed 3 second(s)

24-01-2024T10:03:15 - [TEST_STEP][PASSED] - takeScreenshotAsCheckpoint("Halaman Login"): Taking screenshot successfully

24-01-2024T10:03:16 - [MESSAGE][INFO] - 0 hidden object(s)

24-01-2024T10:03:16 - [MESSAGE][PASSED] - Taking screenshot successfully
[[ATTACHMENT|keyes\keyes-Halaman Login.png]]

24-01-2024T10:03:16 - [TEST_STEP][PASSED] - click(findTestObject("Object Repository/CURA Health login/Page_CURA Healthcare Service/button_Login")): Object: 'Object Repository/CURA Health login/Page_CURA Healthcare Service/button_Login' is clicked on

24-01-2024T10:03:17 - [MESSAGE][PASSED] - Object: 'Object Repository/CURA Health login/Page_CURA Healthcare Service/button_Login' is clicked on]]></system-out>
         <system-err><![CDATA[]]></system-err>
      </testcase>
      <system-out><![CDATA[24-01-2024T10:03:03 - [TEST_SUITE][PASSED] - Login: Test Cases/CURA Health/Login]]></system-out>
      <system-err><![CDATA[]]></system-err>
   </testsuite>
</testsuites>
