<?xml version="1.0" encoding="UTF-8"?>
<testsuites name="Create Book Appointment" time="16.938" tests="1" failures="0" errors="0">
   <testsuite name="Create Book Appointment" tests="1" failures="0" errors="0" time="16.938" skipped="0" timestamp="24-01-2024T09:42:45" hostname="1722 - LAPTOP-OM51GH8M" id="Test Suites/CURA Health/Create Book Appointment">
      <properties>
         <property name="deviceName" value=""/>
         <property name="devicePlatform" value=""/>
         <property name="logFolder" value="D:\\AI Testing\\AI_Testing\\Reports\\20240124_094236\\CURA Health\\Create Book Appointment\\20240124_094236"/>
         <property name="logFiles" value="D:\\AI Testing\\AI_Testing\\Reports\\20240124_094236\\CURA Health\\Create Book Appointment\\20240124_094236\\execution0.log"/>
         <property name="attachments" value="keyes\keyes-Book Appointment.png"/>
         <property name="hostName" value="1722 - LAPTOP-OM51GH8M"/>
         <property name="os" value="Windows 11 64bit"/>
         <property name="katalonVersion" value="9.2.0.212"/>
         <property name="browser" value="Chrome 120.0.0.0"/>
         <property name="hostAddress" value="172.16.0.2"/>
         <property name="sessionId" value="b9732f7ef1fb869335381625f52eda0d"/>
         <property name="seleniumVersion" value="3.141.59"/>
         <property name="proxyInformation" value="ProxyInformation { proxyOption=NO_PROXY, proxyServerType=HTTP, username=, password=********, proxyServerAddress=, proxyServerPort=0, executionList=&quot;&quot;, isApplyToDesiredCapabilities=true }"/>
         <property name="platform" value="Windows 11"/>
      </properties>
      <testcase name="Test Cases/CURA Health/Create Book Appointment" time="16.696" classname="Test Cases/CURA Health/Create Book Appointment" status="PASSED">
         <system-out><![CDATA[24-01-2024T09:42:45 - [TEST_CASE][PASSED] - Test Cases/CURA Health/Create Book Appointment: Test Cases/CURA Health/Create Book Appointment

24-01-2024T09:42:46 - [TEST_STEP][PASSED] - openBrowser(""): Browser is opened with url: ''

24-01-2024T09:42:46 - [MESSAGE][INFO] - Starting 'Chrome' driver

24-01-2024T09:42:46 - [MESSAGE][INFO] - Action delay is set to 0 milliseconds

24-01-2024T09:42:48 - [MESSAGE][PASSED] - Browser is opened with url: ''

24-01-2024T09:42:48 - [TEST_STEP][PASSED] - navigateToUrl("https://katalon-demo-cura.herokuapp.com/"): Navigate to 'https://katalon-demo-cura.herokuapp.com/' successfully

24-01-2024T09:42:53 - [MESSAGE][PASSED] - Navigate to 'https://katalon-demo-cura.herokuapp.com/' successfully

24-01-2024T09:42:53 - [TEST_STEP][PASSED] - click(findTestObject("Object Repository/Create Book Appointment CURA/Page_CURA Healthcare Service/a_Make Appointment")): Object: 'Object Repository/Create Book Appointment CURA/Page_CURA Healthcare Service/a_Make Appointment' is clicked on

24-01-2024T09:42:54 - [MESSAGE][PASSED] - Object: 'Object Repository/Create Book Appointment CURA/Page_CURA Healthcare Service/a_Make Appointment' is clicked on

24-01-2024T09:42:54 - [TEST_STEP][PASSED] - setText(findTestObject("Object Repository/Create Book Appointment CURA/Page_CURA Healthcare Service/input_username"), "John Doe"): Text 'John Doe' is set on object 'Object Repository/Create Book Appointment CURA/Page_CURA Healthcare Service/input_username'

24-01-2024T09:42:54 - [MESSAGE][PASSED] - Text 'John Doe' is set on object 'Object Repository/Create Book Appointment CURA/Page_CURA Healthcare Service/input_username'

24-01-2024T09:42:54 - [TEST_STEP][PASSED] - setEncryptedText(findTestObject("Object Repository/Create Book Appointment CURA/Page_CURA Healthcare Service/input_password"), "g3/DOGG74jC3Flrr3yH+3D/yKbOqqUNM"): Text ****** has been set on object 'Object Repository/Create Book Appointment CURA/Page_CURA Healthcare Service/input_password'

24-01-2024T09:42:55 - [MESSAGE][PASSED] - Text ****** has been set on object 'Object Repository/Create Book Appointment CURA/Page_CURA Healthcare Service/input_password'

24-01-2024T09:42:55 - [TEST_STEP][PASSED] - click(findTestObject("Object Repository/Create Book Appointment CURA/Page_CURA Healthcare Service/button_Login")): Object: 'Object Repository/Create Book Appointment CURA/Page_CURA Healthcare Service/button_Login' is clicked on

24-01-2024T09:42:56 - [MESSAGE][PASSED] - Object: 'Object Repository/Create Book Appointment CURA/Page_CURA Healthcare Service/button_Login' is clicked on

24-01-2024T09:42:56 - [TEST_STEP][PASSED] - click(findTestObject("Object Repository/Create Book Appointment CURA/Page_CURA Healthcare Service/input_hospital_readmission")): Object: 'Object Repository/Create Book Appointment CURA/Page_CURA Healthcare Service/input_hospital_readmission' is clicked on

24-01-2024T09:42:57 - [MESSAGE][PASSED] - Object: 'Object Repository/Create Book Appointment CURA/Page_CURA Healthcare Service/input_hospital_readmission' is clicked on

24-01-2024T09:42:57 - [TEST_STEP][PASSED] - click(findTestObject("Object Repository/Create Book Appointment CURA/Page_CURA Healthcare Service/label_Medicaid")): Object: 'Object Repository/Create Book Appointment CURA/Page_CURA Healthcare Service/label_Medicaid' is clicked on

24-01-2024T09:42:57 - [MESSAGE][PASSED] - Object: 'Object Repository/Create Book Appointment CURA/Page_CURA Healthcare Service/label_Medicaid' is clicked on

24-01-2024T09:42:57 - [TEST_STEP][PASSED] - click(findTestObject("Object Repository/Create Book Appointment CURA/Page_CURA Healthcare Service/input_visit_date")): Object: 'Object Repository/Create Book Appointment CURA/Page_CURA Healthcare Service/input_visit_date' is clicked on

24-01-2024T09:42:58 - [MESSAGE][PASSED] - Object: 'Object Repository/Create Book Appointment CURA/Page_CURA Healthcare Service/input_visit_date' is clicked on

24-01-2024T09:42:58 - [TEST_STEP][PASSED] - click(findTestObject("Object Repository/Create Book Appointment CURA/Page_CURA Healthcare Service/td_31")): Object: 'Object Repository/Create Book Appointment CURA/Page_CURA Healthcare Service/td_31' is clicked on

24-01-2024T09:42:58 - [MESSAGE][PASSED] - Object: 'Object Repository/Create Book Appointment CURA/Page_CURA Healthcare Service/td_31' is clicked on

24-01-2024T09:42:58 - [TEST_STEP][PASSED] - setText(findTestObject("Object Repository/Create Book Appointment CURA/Page_CURA Healthcare Service/textarea_comment"), "I want to comment"): Text 'I want to comment' is set on object 'Object Repository/Create Book Appointment CURA/Page_CURA Healthcare Service/textarea_comment'

24-01-2024T09:42:59 - [MESSAGE][PASSED] - Text 'I want to comment' is set on object 'Object Repository/Create Book Appointment CURA/Page_CURA Healthcare Service/textarea_comment'

24-01-2024T09:42:59 - [TEST_STEP][PASSED] - click(findTestObject("Object Repository/Create Book Appointment CURA/Page_CURA Healthcare Service/button_Book Appointment")): Object: 'Object Repository/Create Book Appointment CURA/Page_CURA Healthcare Service/button_Book Appointment' is clicked on

24-01-2024T09:43:01 - [MESSAGE][PASSED] - Object: 'Object Repository/Create Book Appointment CURA/Page_CURA Healthcare Service/button_Book Appointment' is clicked on

24-01-2024T09:43:01 - [TEST_STEP][PASSED] - takeScreenshotAsCheckpoint("Book Appointment"): Taking screenshot successfully

24-01-2024T09:43:01 - [MESSAGE][INFO] - 0 hidden object(s)

24-01-2024T09:43:02 - [MESSAGE][PASSED] - Taking screenshot successfully
[[ATTACHMENT|keyes\keyes-Book Appointment.png]]

24-01-2024T09:43:02 - [TEST_STEP][PASSED] - closeBrowser(): Browser is closed

24-01-2024T09:43:02 - [MESSAGE][PASSED] - Browser is closed]]></system-out>
         <system-err><![CDATA[]]></system-err>
      </testcase>
      <system-out><![CDATA[24-01-2024T09:42:45 - [TEST_SUITE][PASSED] - Create Book Appointment: Test Cases/CURA Health/Create Book Appointment]]></system-out>
      <system-err><![CDATA[]]></system-err>
   </testsuite>
</testsuites>
